{"/home/darwin/Documents/Code/LunyamwiDevs/BoostedChat/client/src/Apis/response.ts": {"path":"/home/darwin/Documents/Code/LunyamwiDevs/BoostedChat/client/src/Apis/response.ts","statementMap":{"0":{"start":{"line":4,"column":34},"end":{"line":10,"column":2}},"1":{"start":{"line":5,"column":2},"end":{"line":7,"column":3}},"2":{"start":{"line":6,"column":4},"end":{"line":6,"column":null}},"3":{"start":{"line":9,"column":2},"end":{"line":9,"column":null}},"4":{"start":{"line":12,"column":31},"end":{"line":14,"column":2}},"5":{"start":{"line":13,"column":2},"end":{"line":13,"column":43}},"6":{"start":{"line":40,"column":4},"end":{"line":81,"column":5}},"7":{"start":{"line":42,"column":19},"end":{"line":42,"column":40}},"8":{"start":{"line":43,"column":6},"end":{"line":53,"column":null}},"9":{"start":{"line":44,"column":8},"end":{"line":44,"column":null}},"10":{"start":{"line":45,"column":13},"end":{"line":53,"column":null}},"11":{"start":{"line":46,"column":8},"end":{"line":46,"column":null}},"12":{"start":{"line":47,"column":13},"end":{"line":53,"column":null}},"13":{"start":{"line":48,"column":8},"end":{"line":48,"column":null}},"14":{"start":{"line":49,"column":13},"end":{"line":53,"column":null}},"15":{"start":{"line":50,"column":8},"end":{"line":50,"column":null}},"16":{"start":{"line":51,"column":13},"end":{"line":53,"column":null}},"17":{"start":{"line":52,"column":8},"end":{"line":52,"column":null}},"18":{"start":{"line":53,"column":13},"end":{"line":53,"column":null}},"19":{"start":{"line":55,"column":23},"end":{"line":55,"column":null}},"20":{"start":{"line":62,"column":32},"end":{"line":62,"column":51}},"21":{"start":{"line":63,"column":6},"end":{"line":73,"column":7}},"22":{"start":{"line":67,"column":8},"end":{"line":68,"column":null}},"23":{"start":{"line":69,"column":13},"end":{"line":73,"column":7}},"24":{"start":{"line":70,"column":8},"end":{"line":70,"column":null}},"25":{"start":{"line":72,"column":8},"end":{"line":72,"column":null}},"26":{"start":{"line":75,"column":6},"end":{"line":79,"column":null}},"27":{"start":{"line":82,"column":4},"end":{"line":89,"column":5}},"28":{"start":{"line":83,"column":6},"end":{"line":87,"column":null}},"29":{"start":{"line":90,"column":4},"end":{"line":94,"column":null}},"30":{"start":{"line":31,"column":4},"end":{"line":31,"column":null}},"31":{"start":{"line":17,"column":2},"end":{"line":17,"column":9}},"32":{"start":{"line":19,"column":2},"end":{"line":19,"column":9}},"33":{"start":{"line":21,"column":2},"end":{"line":21,"column":9}},"34":{"start":{"line":23,"column":2},"end":{"line":23,"column":9}},"35":{"start":{"line":32,"column":4},"end":{"line":32,"column":null}},"36":{"start":{"line":33,"column":4},"end":{"line":33,"column":null}},"37":{"start":{"line":34,"column":4},"end":{"line":34,"column":null}},"38":{"start":{"line":35,"column":4},"end":{"line":35,"column":null}},"39":{"start":{"line":36,"column":4},"end":{"line":36,"column":null}},"40":{"start":{"line":101,"column":4},"end":{"line":101,"column":null}},"41":{"start":{"line":102,"column":4},"end":{"line":102,"column":null}}},"fnMap":{"0":{"name":"(anonymous_1)","decl":{"start":{"line":4,"column":34},"end":{"line":4,"column":35}},"loc":{"start":{"line":4,"column":63},"end":{"line":10,"column":2}}},"1":{"name":"(anonymous_2)","decl":{"start":{"line":12,"column":31},"end":{"line":12,"column":32}},"loc":{"start":{"line":12,"column":54},"end":{"line":14,"column":2}}},"2":{"name":"(anonymous_3)","decl":{"start":{"line":39,"column":2},"end":{"line":39,"column":16}},"loc":{"start":{"line":39,"column":50},"end":{"line":96,"column":null}}},"3":{"name":"(anonymous_4)","decl":{"start":{"line":25,"column":2},"end":{"line":25,"column":null}},"loc":{"start":{"line":30,"column":4},"end":{"line":37,"column":null}}},"4":{"name":"(anonymous_5)","decl":{"start":{"line":100,"column":2},"end":{"line":100,"column":14}},"loc":{"start":{"line":100,"column":31},"end":{"line":103,"column":null}}}},"branchMap":{"0":{"loc":{"start":{"line":5,"column":2},"end":{"line":7,"column":3}},"type":"if","locations":[{"start":{"line":5,"column":2},"end":{"line":7,"column":3}},{"start":{"line":5,"column":2},"end":{"line":7,"column":3}}]},"1":{"loc":{"start":{"line":40,"column":4},"end":{"line":81,"column":5}},"type":"if","locations":[{"start":{"line":40,"column":4},"end":{"line":81,"column":5}},{"start":{"line":40,"column":4},"end":{"line":81,"column":5}}]},"2":{"loc":{"start":{"line":43,"column":6},"end":{"line":53,"column":null}},"type":"if","locations":[{"start":{"line":43,"column":6},"end":{"line":53,"column":null}},{"start":{"line":45,"column":13},"end":{"line":53,"column":null}}]},"3":{"loc":{"start":{"line":43,"column":10},"end":{"line":43,"column":37}},"type":"binary-expr","locations":[{"start":{"line":43,"column":10},"end":{"line":43,"column":25}},{"start":{"line":43,"column":25},"end":{"line":43,"column":37}}]},"4":{"loc":{"start":{"line":45,"column":13},"end":{"line":53,"column":null}},"type":"if","locations":[{"start":{"line":45,"column":13},"end":{"line":53,"column":null}},{"start":{"line":47,"column":13},"end":{"line":53,"column":null}}]},"5":{"loc":{"start":{"line":45,"column":17},"end":{"line":45,"column":44}},"type":"binary-expr","locations":[{"start":{"line":45,"column":17},"end":{"line":45,"column":32}},{"start":{"line":45,"column":32},"end":{"line":45,"column":44}}]},"6":{"loc":{"start":{"line":47,"column":13},"end":{"line":53,"column":null}},"type":"if","locations":[{"start":{"line":47,"column":13},"end":{"line":53,"column":null}},{"start":{"line":49,"column":13},"end":{"line":53,"column":null}}]},"7":{"loc":{"start":{"line":47,"column":17},"end":{"line":47,"column":44}},"type":"binary-expr","locations":[{"start":{"line":47,"column":17},"end":{"line":47,"column":32}},{"start":{"line":47,"column":32},"end":{"line":47,"column":44}}]},"8":{"loc":{"start":{"line":49,"column":13},"end":{"line":53,"column":null}},"type":"if","locations":[{"start":{"line":49,"column":13},"end":{"line":53,"column":null}},{"start":{"line":51,"column":13},"end":{"line":53,"column":null}}]},"9":{"loc":{"start":{"line":49,"column":17},"end":{"line":49,"column":44}},"type":"binary-expr","locations":[{"start":{"line":49,"column":17},"end":{"line":49,"column":32}},{"start":{"line":49,"column":32},"end":{"line":49,"column":44}}]},"10":{"loc":{"start":{"line":51,"column":13},"end":{"line":53,"column":null}},"type":"if","locations":[{"start":{"line":51,"column":13},"end":{"line":53,"column":null}},{"start":{"line":53,"column":13},"end":{"line":53,"column":null}}]},"11":{"loc":{"start":{"line":51,"column":17},"end":{"line":51,"column":44}},"type":"binary-expr","locations":[{"start":{"line":51,"column":17},"end":{"line":51,"column":32}},{"start":{"line":51,"column":32},"end":{"line":51,"column":44}}]},"12":{"loc":{"start":{"line":63,"column":6},"end":{"line":73,"column":7}},"type":"if","locations":[{"start":{"line":63,"column":6},"end":{"line":73,"column":7}},{"start":{"line":69,"column":13},"end":{"line":73,"column":7}}]},"13":{"loc":{"start":{"line":64,"column":8},"end":{"line":65,"column":42}},"type":"binary-expr","locations":[{"start":{"line":64,"column":8},"end":{"line":64,"column":43}},{"start":{"line":65,"column":8},"end":{"line":65,"column":42}}]},"14":{"loc":{"start":{"line":69,"column":13},"end":{"line":73,"column":7}},"type":"if","locations":[{"start":{"line":69,"column":13},"end":{"line":73,"column":7}},{"start":{"line":71,"column":13},"end":{"line":73,"column":7}}]},"15":{"loc":{"start":{"line":82,"column":4},"end":{"line":89,"column":5}},"type":"if","locations":[{"start":{"line":82,"column":4},"end":{"line":89,"column":5}},{"start":{"line":82,"column":4},"end":{"line":89,"column":5}}]}},"s":{"0":2,"1":0,"2":0,"3":0,"4":2,"5":0,"6":0,"7":0,"8":0,"9":0,"10":0,"11":0,"12":0,"13":0,"14":0,"15":0,"16":0,"17":0,"18":0,"19":0,"20":0,"21":0,"22":0,"23":0,"24":0,"25":0,"26":0,"27":0,"28":0,"29":0,"30":0,"31":0,"32":0,"33":0,"34":0,"35":0,"36":0,"37":0,"38":0,"39":0,"40":0,"41":0},"f":{"0":0,"1":0,"2":0,"3":0,"4":0},"b":{"0":[0,0],"1":[0,0],"2":[0,0],"3":[0,0],"4":[0,0],"5":[0,0],"6":[0,0],"7":[0,0],"8":[0,0],"9":[0,0],"10":[0,0],"11":[0,0],"12":[0,0],"13":[0,0],"14":[0,0],"15":[0,0]}}
,"/home/darwin/Documents/Code/LunyamwiDevs/BoostedChat/client/src/Apis/UserManagement/Auth.api.ts": {"path":"/home/darwin/Documents/Code/LunyamwiDevs/BoostedChat/client/src/Apis/UserManagement/Auth.api.ts","statementMap":{"0":{"start":{"line":11,"column":22},"end":{"line":13,"column":null}},"1":{"start":{"line":15,"column":23},"end":{"line":68,"column":2}},"2":{"start":{"line":26,"column":4},"end":{"line":29,"column":null}},"3":{"start":{"line":37,"column":4},"end":{"line":40,"column":null}},"4":{"start":{"line":45,"column":4},"end":{"line":50,"column":null}},"5":{"start":{"line":52,"column":4},"end":{"line":55,"column":null}},"6":{"start":{"line":57,"column":4},"end":{"line":60,"column":null}},"7":{"start":{"line":62,"column":4},"end":{"line":67,"column":null}}},"fnMap":{"0":{"name":"(anonymous_0)","decl":{"start":{"line":16,"column":9},"end":{"line":16,"column":null}},"loc":{"start":{"line":26,"column":4},"end":{"line":29,"column":null}}},"1":{"name":"(anonymous_1)","decl":{"start":{"line":30,"column":12},"end":{"line":30,"column":null}},"loc":{"start":{"line":37,"column":4},"end":{"line":40,"column":null}}},"2":{"name":"(anonymous_2)","decl":{"start":{"line":41,"column":11},"end":{"line":41,"column":null}},"loc":{"start":{"line":45,"column":4},"end":{"line":50,"column":null}}},"3":{"name":"(anonymous_3)","decl":{"start":{"line":51,"column":18},"end":{"line":51,"column":19}},"loc":{"start":{"line":52,"column":4},"end":{"line":55,"column":null}}},"4":{"name":"(anonymous_4)","decl":{"start":{"line":56,"column":17},"end":{"line":56,"column":18}},"loc":{"start":{"line":57,"column":4},"end":{"line":60,"column":null}}},"5":{"name":"(anonymous_5)","decl":{"start":{"line":61,"column":18},"end":{"line":61,"column":19}},"loc":{"start":{"line":62,"column":4},"end":{"line":67,"column":null}}}},"branchMap":{},"s":{"0":2,"1":2,"2":0,"3":0,"4":0,"5":0,"6":0,"7":0},"f":{"0":0,"1":0,"2":0,"3":0,"4":0,"5":0},"b":{}}
,"/home/darwin/Documents/Code/LunyamwiDevs/BoostedChat/client/src/Components/Widgets/CollapsingAlert.tsx": {"path":"/home/darwin/Documents/Code/LunyamwiDevs/BoostedChat/client/src/Components/Widgets/CollapsingAlert.tsx","statementMap":{},"fnMap":{"0":{"name":"CollapsingAlert","decl":{"start":{"line":12,"column":16},"end":{"line":12,"column":32}},"loc":{"start":{"line":16,"column":10},"end":{"line":30,"column":1}}}},"branchMap":{"0":{"loc":{"start":{"line":20,"column":14},"end":{"line":20,"column":28}},"type":"binary-expr","locations":[{"start":{"line":20,"column":14},"end":{"line":20,"column":28}}]}},"s":{},"f":{"0":100},"b":{"0":[100]}}
,"/home/darwin/Documents/Code/LunyamwiDevs/BoostedChat/client/src/Constants/ApiConstants.ts": {"path":"/home/darwin/Documents/Code/LunyamwiDevs/BoostedChat/client/src/Constants/ApiConstants.ts","statementMap":{"0":{"start":{"line":1,"column":23},"end":{"line":3,"column":31}},"1":{"start":{"line":5,"column":25},"end":{"line":5,"column":28}}},"fnMap":{},"branchMap":{"0":{"loc":{"start":{"line":1,"column":23},"end":{"line":3,"column":31}},"type":"cond-expr","locations":[{"start":{"line":2,"column":4},"end":{"line":2,"column":null}},{"start":{"line":3,"column":4},"end":{"line":3,"column":31}}]}},"s":{"0":2,"1":2},"f":{},"b":{"0":[0,2]}}
,"/home/darwin/Documents/Code/LunyamwiDevs/BoostedChat/client/src/Context/AuthContext/AuthProvider.tsx": {"path":"/home/darwin/Documents/Code/LunyamwiDevs/BoostedChat/client/src/Context/AuthContext/AuthProvider.tsx","statementMap":{"0":{"start":{"line":17,"column":20},"end":{"line":45,"column":null}},"1":{"start":{"line":18,"column":24},"end":{"line":18,"column":null}},"2":{"start":{"line":19,"column":23},"end":{"line":19,"column":null}},"3":{"start":{"line":20,"column":19},"end":{"line":24,"column":null}},"4":{"start":{"line":25,"column":2},"end":{"line":27,"column":3}},"5":{"start":{"line":26,"column":4},"end":{"line":26,"column":null}},"6":{"start":{"line":29,"column":27},"end":{"line":29,"column":null}},"7":{"start":{"line":31,"column":67},"end":{"line":32,"column":null}},"8":{"start":{"line":34,"column":18},"end":{"line":34,"column":null}},"9":{"start":{"line":36,"column":2},"end":{"line":38,"column":3}},"10":{"start":{"line":37,"column":4},"end":{"line":37,"column":null}},"11":{"start":{"line":40,"column":2},"end":{"line":44,"column":null}},"12":{"start":{"line":47,"column":20},"end":{"line":52,"column":null}},"13":{"start":{"line":51,"column":18},"end":{"line":51,"column":22}},"14":{"start":{"line":54,"column":23},"end":{"line":54,"column":53}},"15":{"start":{"line":54,"column":29},"end":{"line":54,"column":53}},"16":{"start":{"line":57,"column":15},"end":{"line":57,"column":null}},"17":{"start":{"line":58,"column":28},"end":{"line":63,"column":null}},"18":{"start":{"line":62,"column":20},"end":{"line":62,"column":24}}},"fnMap":{"0":{"name":"(anonymous_0)","decl":{"start":{"line":17,"column":20},"end":{"line":17,"column":26}},"loc":{"start":{"line":17,"column":26},"end":{"line":45,"column":null}}},"1":{"name":"(anonymous_1)","decl":{"start":{"line":51,"column":12},"end":{"line":51,"column":18}},"loc":{"start":{"line":51,"column":18},"end":{"line":51,"column":22}}},"2":{"name":"(anonymous_2)","decl":{"start":{"line":54,"column":23},"end":{"line":54,"column":29}},"loc":{"start":{"line":54,"column":29},"end":{"line":54,"column":53}}},"3":{"name":"AuthProvider","decl":{"start":{"line":56,"column":16},"end":{"line":56,"column":29}},"loc":{"start":{"line":56,"column":70},"end":{"line":77,"column":1}}},"4":{"name":"(anonymous_4)","decl":{"start":{"line":62,"column":14},"end":{"line":62,"column":20}},"loc":{"start":{"line":62,"column":20},"end":{"line":62,"column":24}}}},"branchMap":{"0":{"loc":{"start":{"line":25,"column":2},"end":{"line":27,"column":3}},"type":"if","locations":[{"start":{"line":25,"column":2},"end":{"line":27,"column":3}},{"start":{"line":25,"column":2},"end":{"line":27,"column":3}}]},"1":{"loc":{"start":{"line":25,"column":6},"end":{"line":25,"column":51}},"type":"binary-expr","locations":[{"start":{"line":25,"column":6},"end":{"line":25,"column":27}},{"start":{"line":25,"column":31},"end":{"line":25,"column":51}}]},"2":{"loc":{"start":{"line":36,"column":2},"end":{"line":38,"column":3}},"type":"if","locations":[{"start":{"line":36,"column":2},"end":{"line":38,"column":3}},{"start":{"line":36,"column":2},"end":{"line":38,"column":3}}]}},"s":{"0":2,"1":8,"2":8,"3":8,"4":8,"5":8,"6":0,"7":0,"8":0,"9":0,"10":0,"11":0,"12":2,"13":0,"14":2,"15":43,"16":2,"17":2,"18":0},"f":{"0":8,"1":0,"2":43,"3":2,"4":0},"b":{"0":[8,0],"1":[8,0],"2":[0,0]}}
,"/home/darwin/Documents/Code/LunyamwiDevs/BoostedChat/client/src/Context/AuthContext/AuthReducer.tsx": {"path":"/home/darwin/Documents/Code/LunyamwiDevs/BoostedChat/client/src/Context/AuthContext/AuthReducer.tsx","statementMap":{"0":{"start":{"line":27,"column":74},"end":{"line":75,"column":2}},"1":{"start":{"line":31,"column":2},"end":{"line":74,"column":null}},"2":{"start":{"line":33,"column":26},"end":{"line":33,"column":47}},"3":{"start":{"line":34,"column":27},"end":{"line":34,"column":49}},"4":{"start":{"line":35,"column":6},"end":{"line":35,"column":null}},"5":{"start":{"line":36,"column":6},"end":{"line":36,"column":null}},"6":{"start":{"line":38,"column":25},"end":{"line":38,"column":null}},"7":{"start":{"line":39,"column":28},"end":{"line":39,"column":null}},"8":{"start":{"line":40,"column":6},"end":{"line":49,"column":null}},"9":{"start":{"line":52,"column":26},"end":{"line":52,"column":60}},"10":{"start":{"line":53,"column":27},"end":{"line":53,"column":62}},"11":{"start":{"line":54,"column":6},"end":{"line":54,"column":null}},"12":{"start":{"line":55,"column":6},"end":{"line":55,"column":null}},"13":{"start":{"line":57,"column":6},"end":{"line":61,"column":null}},"14":{"start":{"line":64,"column":6},"end":{"line":64,"column":null}},"15":{"start":{"line":65,"column":6},"end":{"line":65,"column":null}},"16":{"start":{"line":66,"column":6},"end":{"line":66,"column":null}},"17":{"start":{"line":67,"column":6},"end":{"line":73,"column":null}}},"fnMap":{"0":{"name":"(anonymous_0)","decl":{"start":{"line":27,"column":74},"end":{"line":27,"column":null}},"loc":{"start":{"line":30,"column":5},"end":{"line":75,"column":2}}}},"branchMap":{"0":{"loc":{"start":{"line":31,"column":2},"end":{"line":74,"column":null}},"type":"switch","locations":[{"start":{"line":32,"column":4},"end":{"line":50,"column":null}},{"start":{"line":51,"column":4},"end":{"line":62,"column":null}},{"start":{"line":63,"column":4},"end":{"line":73,"column":null}}]}},"s":{"0":2,"1":0,"2":0,"3":0,"4":0,"5":0,"6":0,"7":0,"8":0,"9":0,"10":0,"11":0,"12":0,"13":0,"14":0,"15":0,"16":0,"17":0},"f":{"0":0},"b":{"0":[0,0,0]}}
,"/home/darwin/Documents/Code/LunyamwiDevs/BoostedChat/client/src/Hooks/useAlert.tsx": {"path":"/home/darwin/Documents/Code/LunyamwiDevs/BoostedChat/client/src/Hooks/useAlert.tsx","statementMap":{"0":{"start":{"line":13,"column":24},"end":{"line":28,"column":2}},"1":{"start":{"line":14,"column":36},"end":{"line":14,"column":null}},"2":{"start":{"line":15,"column":36},"end":{"line":20,"column":null}},"3":{"start":{"line":22,"column":2},"end":{"line":27,"column":null}}},"fnMap":{"0":{"name":"(anonymous_0)","decl":{"start":{"line":13,"column":24},"end":{"line":13,"column":30}},"loc":{"start":{"line":13,"column":30},"end":{"line":28,"column":2}}}},"branchMap":{},"s":{"0":2,"1":100,"2":100,"3":100},"f":{"0":100},"b":{}}
,"/home/darwin/Documents/Code/LunyamwiDevs/BoostedChat/client/src/Interfaces/general.interface.ts": {"path":"/home/darwin/Documents/Code/LunyamwiDevs/BoostedChat/client/src/Interfaces/general.interface.ts","statementMap":{"0":{"start":{"line":3,"column":12},"end":{"line":3,"column":26}},"1":{"start":{"line":3,"column":12},"end":{"line":4,"column":null}},"2":{"start":{"line":3,"column":12},"end":{"line":5,"column":null}},"3":{"start":{"line":3,"column":12},"end":{"line":6,"column":null}},"4":{"start":{"line":3,"column":12},"end":{"line":7,"column":null}},"5":{"start":{"line":3,"column":12},"end":{"line":8,"column":null}},"6":{"start":{"line":3,"column":12},"end":{"line":9,"column":null}},"7":{"start":{"line":3,"column":12},"end":{"line":10,"column":null}},"8":{"start":{"line":20,"column":12},"end":{"line":20,"column":24}},"9":{"start":{"line":20,"column":12},"end":{"line":21,"column":null}},"10":{"start":{"line":20,"column":12},"end":{"line":22,"column":null}},"11":{"start":{"line":20,"column":12},"end":{"line":23,"column":null}}},"fnMap":{"0":{"name":"(anonymous_0)","decl":{"start":{"line":3,"column":12},"end":{"line":3,"column":26}},"loc":{"start":{"line":3,"column":26},"end":{"line":3,"column":11}}},"1":{"name":"(anonymous_1)","decl":{"start":{"line":20,"column":12},"end":{"line":20,"column":24}},"loc":{"start":{"line":20,"column":24},"end":{"line":20,"column":11}}}},"branchMap":{"0":{"loc":{"start":{"line":3,"column":12},"end":{"line":3,"column":26}},"type":"binary-expr","locations":[{"start":{"line":3,"column":12},"end":{"line":3,"column":26}},{"start":{"line":3,"column":12},"end":{"line":3,"column":26}}]},"1":{"loc":{"start":{"line":20,"column":12},"end":{"line":20,"column":24}},"type":"binary-expr","locations":[{"start":{"line":20,"column":12},"end":{"line":20,"column":24}},{"start":{"line":20,"column":12},"end":{"line":20,"column":24}}]}},"s":{"0":2,"1":2,"2":2,"3":2,"4":2,"5":2,"6":2,"7":2,"8":2,"9":2,"10":2,"11":2},"f":{"0":2,"1":2},"b":{"0":[2,2],"1":[2,2]}}
,"/home/darwin/Documents/Code/LunyamwiDevs/BoostedChat/client/src/Pages/Auth/Login.tsx": {"path":"/home/darwin/Documents/Code/LunyamwiDevs/BoostedChat/client/src/Pages/Auth/Login.tsx","statementMap":{"0":{"start":{"line":21,"column":19},"end":{"line":21,"column":null}},"1":{"start":{"line":22,"column":19},"end":{"line":22,"column":null}},"2":{"start":{"line":23,"column":63},"end":{"line":23,"column":null}},"3":{"start":{"line":24,"column":23},"end":{"line":24,"column":null}},"4":{"start":{"line":26,"column":28},"end":{"line":26,"column":null}},"5":{"start":{"line":27,"column":34},"end":{"line":27,"column":null}},"6":{"start":{"line":29,"column":16},"end":{"line":50,"column":null}},"7":{"start":{"line":29,"column":48},"end":{"line":29,"column":71}},"8":{"start":{"line":31,"column":6},"end":{"line":38,"column":null}},"9":{"start":{"line":39,"column":6},"end":{"line":39,"column":null}},"10":{"start":{"line":42,"column":25},"end":{"line":42,"column":35}},"11":{"start":{"line":43,"column":6},"end":{"line":43,"column":null}},"12":{"start":{"line":44,"column":6},"end":{"line":48,"column":null}},"13":{"start":{"line":52,"column":22},"end":{"line":76,"column":null}},"14":{"start":{"line":53,"column":4},"end":{"line":53,"column":null}},"15":{"start":{"line":54,"column":4},"end":{"line":54,"column":null}},"16":{"start":{"line":55,"column":4},"end":{"line":63,"column":5}},"17":{"start":{"line":56,"column":6},"end":{"line":56,"column":null}},"18":{"start":{"line":57,"column":6},"end":{"line":61,"column":null}},"19":{"start":{"line":62,"column":6},"end":{"line":62,"column":null}},"20":{"start":{"line":65,"column":4},"end":{"line":73,"column":5}},"21":{"start":{"line":66,"column":6},"end":{"line":66,"column":null}},"22":{"start":{"line":67,"column":6},"end":{"line":71,"column":null}},"23":{"start":{"line":72,"column":6},"end":{"line":72,"column":null}},"24":{"start":{"line":75,"column":4},"end":{"line":75,"column":null}},"25":{"start":{"line":78,"column":2},"end":{"line":88,"column":null}},"26":{"start":{"line":79,"column":26},"end":{"line":79,"column":40}},"27":{"start":{"line":80,"column":4},"end":{"line":87,"column":5}},"28":{"start":{"line":81,"column":6},"end":{"line":81,"column":null}},"29":{"start":{"line":82,"column":6},"end":{"line":86,"column":null}},"30":{"start":{"line":95,"column":25},"end":{"line":95,"column":null}},"31":{"start":{"line":103,"column":27},"end":{"line":103,"column":null}},"32":{"start":{"line":109,"column":27},"end":{"line":109,"column":null}}},"fnMap":{"0":{"name":"Login","decl":{"start":{"line":20,"column":16},"end":{"line":20,"column":24}},"loc":{"start":{"line":20,"column":24},"end":{"line":131,"column":1}}},"1":{"name":"(anonymous_1)","decl":{"start":{"line":29,"column":28},"end":{"line":29,"column":29}},"loc":{"start":{"line":29,"column":48},"end":{"line":29,"column":71}}},"2":{"name":"(anonymous_2)","decl":{"start":{"line":30,"column":15},"end":{"line":30,"column":16}},"loc":{"start":{"line":30,"column":25},"end":{"line":40,"column":null}}},"3":{"name":"(anonymous_3)","decl":{"start":{"line":41,"column":13},"end":{"line":41,"column":14}},"loc":{"start":{"line":41,"column":36},"end":{"line":49,"column":null}}},"4":{"name":"(anonymous_4)","decl":{"start":{"line":52,"column":22},"end":{"line":52,"column":23}},"loc":{"start":{"line":52,"column":63},"end":{"line":76,"column":null}}},"5":{"name":"(anonymous_5)","decl":{"start":{"line":78,"column":18},"end":{"line":78,"column":24}},"loc":{"start":{"line":78,"column":24},"end":{"line":88,"column":5}}},"6":{"name":"(anonymous_6)","decl":{"start":{"line":95,"column":19},"end":{"line":95,"column":25}},"loc":{"start":{"line":95,"column":25},"end":{"line":95,"column":null}}},"7":{"name":"(anonymous_7)","decl":{"start":{"line":103,"column":20},"end":{"line":103,"column":21}},"loc":{"start":{"line":103,"column":27},"end":{"line":103,"column":null}}},"8":{"name":"(anonymous_8)","decl":{"start":{"line":109,"column":20},"end":{"line":109,"column":21}},"loc":{"start":{"line":109,"column":27},"end":{"line":109,"column":null}}}},"branchMap":{"0":{"loc":{"start":{"line":55,"column":4},"end":{"line":63,"column":5}},"type":"if","locations":[{"start":{"line":55,"column":4},"end":{"line":63,"column":5}},{"start":{"line":55,"column":4},"end":{"line":63,"column":5}}]},"1":{"loc":{"start":{"line":55,"column":8},"end":{"line":55,"column":41}},"type":"binary-expr","locations":[{"start":{"line":55,"column":8},"end":{"line":55,"column":24}},{"start":{"line":55,"column":24},"end":{"line":55,"column":41}}]},"2":{"loc":{"start":{"line":65,"column":4},"end":{"line":73,"column":5}},"type":"if","locations":[{"start":{"line":65,"column":4},"end":{"line":73,"column":5}},{"start":{"line":65,"column":4},"end":{"line":73,"column":5}}]},"3":{"loc":{"start":{"line":80,"column":4},"end":{"line":87,"column":5}},"type":"if","locations":[{"start":{"line":80,"column":4},"end":{"line":87,"column":5}},{"start":{"line":80,"column":4},"end":{"line":87,"column":5}}]},"4":{"loc":{"start":{"line":83,"column":15},"end":{"line":83,"column":null}},"type":"binary-expr","locations":[{"start":{"line":83,"column":15},"end":{"line":83,"column":34}},{"start":{"line":83,"column":38},"end":{"line":83,"column":null}}]}},"s":{"0":44,"1":43,"2":43,"3":43,"4":43,"5":43,"6":43,"7":0,"8":0,"9":0,"10":0,"11":0,"12":0,"13":43,"14":4,"15":4,"16":4,"17":3,"18":3,"19":3,"20":1,"21":1,"22":1,"23":1,"24":0,"25":43,"26":1,"27":1,"28":0,"29":0,"30":0,"31":21,"32":17},"f":{"0":44,"1":0,"2":0,"3":0,"4":4,"5":1,"6":0,"7":21,"8":17},"b":{"0":[3,1],"1":[4,2],"2":[1,0],"3":[0,1],"4":[0,0]}}
,"/home/darwin/Documents/Code/LunyamwiDevs/BoostedChat/client/src/Pages/Auth/Register.tsx": {"path":"/home/darwin/Documents/Code/LunyamwiDevs/BoostedChat/client/src/Pages/Auth/Register.tsx","statementMap":{"0":{"start":{"line":24,"column":16},"end":{"line":24,"column":null}},"1":{"start":{"line":25,"column":19},"end":{"line":25,"column":null}},"2":{"start":{"line":26,"column":63},"end":{"line":26,"column":null}},"3":{"start":{"line":28,"column":36},"end":{"line":28,"column":null}},"4":{"start":{"line":29,"column":34},"end":{"line":29,"column":null}},"5":{"start":{"line":30,"column":28},"end":{"line":30,"column":null}},"6":{"start":{"line":31,"column":34},"end":{"line":31,"column":null}},"7":{"start":{"line":32,"column":48},"end":{"line":32,"column":null}},"8":{"start":{"line":34,"column":19},"end":{"line":62,"column":null}},"9":{"start":{"line":35,"column":32},"end":{"line":35,"column":null}},"10":{"start":{"line":38,"column":8},"end":{"line":46,"column":null}},"11":{"start":{"line":47,"column":8},"end":{"line":47,"column":null}},"12":{"start":{"line":48,"column":8},"end":{"line":48,"column":null}},"13":{"start":{"line":49,"column":8},"end":{"line":49,"column":null}},"14":{"start":{"line":50,"column":8},"end":{"line":50,"column":null}},"15":{"start":{"line":51,"column":8},"end":{"line":51,"column":null}},"16":{"start":{"line":54,"column":27},"end":{"line":54,"column":37}},"17":{"start":{"line":55,"column":8},"end":{"line":55,"column":null}},"18":{"start":{"line":56,"column":8},"end":{"line":60,"column":null}},"19":{"start":{"line":65,"column":25},"end":{"line":138,"column":null}},"20":{"start":{"line":66,"column":4},"end":{"line":66,"column":null}},"21":{"start":{"line":67,"column":4},"end":{"line":67,"column":null}},"22":{"start":{"line":68,"column":4},"end":{"line":76,"column":5}},"23":{"start":{"line":69,"column":6},"end":{"line":69,"column":null}},"24":{"start":{"line":70,"column":6},"end":{"line":74,"column":null}},"25":{"start":{"line":75,"column":6},"end":{"line":75,"column":null}},"26":{"start":{"line":77,"column":4},"end":{"line":85,"column":5}},"27":{"start":{"line":78,"column":6},"end":{"line":78,"column":null}},"28":{"start":{"line":79,"column":6},"end":{"line":83,"column":null}},"29":{"start":{"line":84,"column":6},"end":{"line":84,"column":null}},"30":{"start":{"line":86,"column":4},"end":{"line":94,"column":5}},"31":{"start":{"line":87,"column":6},"end":{"line":87,"column":null}},"32":{"start":{"line":88,"column":6},"end":{"line":92,"column":null}},"33":{"start":{"line":93,"column":6},"end":{"line":93,"column":null}},"34":{"start":{"line":95,"column":4},"end":{"line":103,"column":5}},"35":{"start":{"line":96,"column":6},"end":{"line":96,"column":null}},"36":{"start":{"line":97,"column":6},"end":{"line":101,"column":null}},"37":{"start":{"line":102,"column":6},"end":{"line":102,"column":null}},"38":{"start":{"line":104,"column":4},"end":{"line":112,"column":5}},"39":{"start":{"line":105,"column":6},"end":{"line":105,"column":null}},"40":{"start":{"line":106,"column":6},"end":{"line":110,"column":null}},"41":{"start":{"line":111,"column":6},"end":{"line":111,"column":null}},"42":{"start":{"line":113,"column":4},"end":{"line":121,"column":5}},"43":{"start":{"line":114,"column":6},"end":{"line":114,"column":null}},"44":{"start":{"line":115,"column":6},"end":{"line":119,"column":null}},"45":{"start":{"line":120,"column":6},"end":{"line":120,"column":null}},"46":{"start":{"line":122,"column":4},"end":{"line":130,"column":5}},"47":{"start":{"line":123,"column":6},"end":{"line":123,"column":null}},"48":{"start":{"line":124,"column":6},"end":{"line":128,"column":null}},"49":{"start":{"line":129,"column":6},"end":{"line":129,"column":null}},"50":{"start":{"line":132,"column":4},"end":{"line":137,"column":null}},"51":{"start":{"line":145,"column":25},"end":{"line":145,"column":null}},"52":{"start":{"line":153,"column":27},"end":{"line":153,"column":null}},"53":{"start":{"line":159,"column":27},"end":{"line":159,"column":null}},"54":{"start":{"line":165,"column":27},"end":{"line":165,"column":null}},"55":{"start":{"line":171,"column":27},"end":{"line":171,"column":null}},"56":{"start":{"line":177,"column":27},"end":{"line":177,"column":null}},"57":{"start":{"line":188,"column":27},"end":{"line":188,"column":null}}},"fnMap":{"0":{"name":"Register","decl":{"start":{"line":23,"column":16},"end":{"line":23,"column":27}},"loc":{"start":{"line":23,"column":27},"end":{"line":197,"column":1}}},"1":{"name":"(anonymous_1)","decl":{"start":{"line":35,"column":4},"end":{"line":35,"column":5}},"loc":{"start":{"line":35,"column":32},"end":{"line":35,"column":null}}},"2":{"name":"(anonymous_2)","decl":{"start":{"line":37,"column":17},"end":{"line":37,"column":23}},"loc":{"start":{"line":37,"column":23},"end":{"line":52,"column":null}}},"3":{"name":"(anonymous_3)","decl":{"start":{"line":53,"column":15},"end":{"line":53,"column":16}},"loc":{"start":{"line":53,"column":38},"end":{"line":61,"column":null}}},"4":{"name":"(anonymous_4)","decl":{"start":{"line":65,"column":25},"end":{"line":65,"column":26}},"loc":{"start":{"line":65,"column":66},"end":{"line":138,"column":null}}},"5":{"name":"(anonymous_5)","decl":{"start":{"line":145,"column":19},"end":{"line":145,"column":25}},"loc":{"start":{"line":145,"column":25},"end":{"line":145,"column":null}}},"6":{"name":"(anonymous_6)","decl":{"start":{"line":153,"column":20},"end":{"line":153,"column":21}},"loc":{"start":{"line":153,"column":27},"end":{"line":153,"column":null}}},"7":{"name":"(anonymous_7)","decl":{"start":{"line":159,"column":20},"end":{"line":159,"column":21}},"loc":{"start":{"line":159,"column":27},"end":{"line":159,"column":null}}},"8":{"name":"(anonymous_8)","decl":{"start":{"line":165,"column":20},"end":{"line":165,"column":21}},"loc":{"start":{"line":165,"column":27},"end":{"line":165,"column":null}}},"9":{"name":"(anonymous_9)","decl":{"start":{"line":171,"column":20},"end":{"line":171,"column":21}},"loc":{"start":{"line":171,"column":27},"end":{"line":171,"column":null}}},"10":{"name":"(anonymous_10)","decl":{"start":{"line":177,"column":20},"end":{"line":177,"column":21}},"loc":{"start":{"line":177,"column":27},"end":{"line":177,"column":null}}},"11":{"name":"(anonymous_11)","decl":{"start":{"line":188,"column":21},"end":{"line":188,"column":27}},"loc":{"start":{"line":188,"column":27},"end":{"line":188,"column":null}}}},"branchMap":{"0":{"loc":{"start":{"line":68,"column":4},"end":{"line":76,"column":5}},"type":"if","locations":[{"start":{"line":68,"column":4},"end":{"line":76,"column":5}},{"start":{"line":68,"column":4},"end":{"line":76,"column":5}}]},"1":{"loc":{"start":{"line":77,"column":4},"end":{"line":85,"column":5}},"type":"if","locations":[{"start":{"line":77,"column":4},"end":{"line":85,"column":5}},{"start":{"line":77,"column":4},"end":{"line":85,"column":5}}]},"2":{"loc":{"start":{"line":86,"column":4},"end":{"line":94,"column":5}},"type":"if","locations":[{"start":{"line":86,"column":4},"end":{"line":94,"column":5}},{"start":{"line":86,"column":4},"end":{"line":94,"column":5}}]},"3":{"loc":{"start":{"line":95,"column":4},"end":{"line":103,"column":5}},"type":"if","locations":[{"start":{"line":95,"column":4},"end":{"line":103,"column":5}},{"start":{"line":95,"column":4},"end":{"line":103,"column":5}}]},"4":{"loc":{"start":{"line":104,"column":4},"end":{"line":112,"column":5}},"type":"if","locations":[{"start":{"line":104,"column":4},"end":{"line":112,"column":5}},{"start":{"line":104,"column":4},"end":{"line":112,"column":5}}]},"5":{"loc":{"start":{"line":113,"column":4},"end":{"line":121,"column":5}},"type":"if","locations":[{"start":{"line":113,"column":4},"end":{"line":121,"column":5}},{"start":{"line":113,"column":4},"end":{"line":121,"column":5}}]},"6":{"loc":{"start":{"line":122,"column":4},"end":{"line":130,"column":5}},"type":"if","locations":[{"start":{"line":122,"column":4},"end":{"line":130,"column":5}},{"start":{"line":122,"column":4},"end":{"line":130,"column":5}}]}},"s":{"0":58,"1":57,"2":57,"3":57,"4":57,"5":57,"6":57,"7":57,"8":57,"9":0,"10":0,"11":0,"12":0,"13":0,"14":0,"15":0,"16":0,"17":0,"18":0,"19":57,"20":7,"21":7,"22":7,"23":1,"24":1,"25":1,"26":6,"27":1,"28":1,"29":1,"30":5,"31":1,"32":1,"33":1,"34":4,"35":1,"36":1,"37":1,"38":3,"39":1,"40":1,"41":1,"42":2,"43":1,"44":1,"45":1,"46":1,"47":1,"48":1,"49":1,"50":0,"51":0,"52":5,"53":4,"54":23,"55":9,"56":8,"57":0},"f":{"0":58,"1":0,"2":0,"3":0,"4":7,"5":0,"6":5,"7":4,"8":23,"9":9,"10":8,"11":0},"b":{"0":[1,6],"1":[1,5],"2":[1,4],"3":[1,3],"4":[1,2],"5":[1,1],"6":[1,0]}}
,"/home/darwin/Documents/Code/LunyamwiDevs/BoostedChat/client/src/Pages/Auth/index.tsx": {"path":"/home/darwin/Documents/Code/LunyamwiDevs/BoostedChat/client/src/Pages/Auth/index.tsx","statementMap":{"0":{"start":{"line":17,"column":46},"end":{"line":55,"column":2}},"1":{"start":{"line":23,"column":6},"end":{"line":23,"column":null}},"2":{"start":{"line":23,"column":45},"end":{"line":23,"column":null}},"3":{"start":{"line":31,"column":6},"end":{"line":31,"column":null}},"4":{"start":{"line":31,"column":51},"end":{"line":31,"column":null}},"5":{"start":{"line":40,"column":6},"end":{"line":42,"column":null}},"6":{"start":{"line":40,"column":63},"end":{"line":42,"column":null}},"7":{"start":{"line":50,"column":6},"end":{"line":52,"column":null}},"8":{"start":{"line":50,"column":61},"end":{"line":52,"column":null}}},"fnMap":{"0":{"name":"(anonymous_0)","decl":{"start":{"line":22,"column":26},"end":{"line":22,"column":null}},"loc":{"start":{"line":23,"column":6},"end":{"line":23,"column":null}}},"1":{"name":"(anonymous_1)","decl":{"start":{"line":23,"column":29},"end":{"line":23,"column":30}},"loc":{"start":{"line":23,"column":45},"end":{"line":23,"column":null}}},"2":{"name":"(anonymous_2)","decl":{"start":{"line":30,"column":26},"end":{"line":30,"column":null}},"loc":{"start":{"line":31,"column":6},"end":{"line":31,"column":null}}},"3":{"name":"(anonymous_3)","decl":{"start":{"line":31,"column":32},"end":{"line":31,"column":33}},"loc":{"start":{"line":31,"column":51},"end":{"line":31,"column":null}}},"4":{"name":"(anonymous_4)","decl":{"start":{"line":39,"column":26},"end":{"line":39,"column":null}},"loc":{"start":{"line":40,"column":6},"end":{"line":42,"column":null}}},"5":{"name":"(anonymous_5)","decl":{"start":{"line":40,"column":38},"end":{"line":40,"column":39}},"loc":{"start":{"line":40,"column":63},"end":{"line":42,"column":null}}},"6":{"name":"(anonymous_6)","decl":{"start":{"line":49,"column":26},"end":{"line":49,"column":null}},"loc":{"start":{"line":50,"column":6},"end":{"line":52,"column":null}}},"7":{"name":"(anonymous_7)","decl":{"start":{"line":50,"column":37},"end":{"line":50,"column":38}},"loc":{"start":{"line":50,"column":61},"end":{"line":52,"column":null}}}},"branchMap":{},"s":{"0":1,"1":0,"2":0,"3":0,"4":0,"5":0,"6":0,"7":0,"8":0},"f":{"0":0,"1":0,"2":0,"3":0,"4":0,"5":0,"6":0,"7":0},"b":{}}
,"/home/darwin/Documents/Code/LunyamwiDevs/BoostedChat/client/src/Themes/Theme.tsx": {"path":"/home/darwin/Documents/Code/LunyamwiDevs/BoostedChat/client/src/Themes/Theme.tsx","statementMap":{"0":{"start":{"line":13,"column":36},"end":{"line":95,"column":null}}},"fnMap":{"0":{"name":"ThemeProvider","decl":{"start":{"line":97,"column":16},"end":{"line":97,"column":30}},"loc":{"start":{"line":97,"column":75},"end":{"line":103,"column":1}}}},"branchMap":{},"s":{"0":2},"f":{"0":2},"b":{}}
,"/home/darwin/Documents/Code/LunyamwiDevs/BoostedChat/client/src/Utils/test.util.tsx": {"path":"/home/darwin/Documents/Code/LunyamwiDevs/BoostedChat/client/src/Utils/test.util.tsx","statementMap":{"0":{"start":{"line":12,"column":20},"end":{"line":12,"column":null}},"1":{"start":{"line":13,"column":21},"end":{"line":28,"column":null}},"2":{"start":{"line":30,"column":0},"end":{"line":32,"column":null}},"3":{"start":{"line":31,"column":2},"end":{"line":31,"column":null}},"4":{"start":{"line":35,"column":2},"end":{"line":39,"column":null}}},"fnMap":{"0":{"name":"(anonymous_0)","decl":{"start":{"line":13,"column":21},"end":{"line":13,"column":22}},"loc":{"start":{"line":13,"column":66},"end":{"line":28,"column":null}}},"1":{"name":"(anonymous_1)","decl":{"start":{"line":30,"column":10},"end":{"line":30,"column":16}},"loc":{"start":{"line":30,"column":16},"end":{"line":32,"column":null}}},"2":{"name":"customRender","decl":{"start":{"line":34,"column":9},"end":{"line":34,"column":22}},"loc":{"start":{"line":34,"column":60},"end":{"line":40,"column":null}}}},"branchMap":{"0":{"loc":{"start":{"line":34,"column":46},"end":{"line":34,"column":58}},"type":"default-arg","locations":[{"start":{"line":34,"column":56},"end":{"line":34,"column":58}}]}},"s":{"0":2,"1":2,"2":2,"3":2,"4":2},"f":{"0":2,"1":2,"2":2},"b":{"0":[2]}}
,"/home/darwin/Documents/Code/LunyamwiDevs/BoostedChat/client/src/Utils/validator.util.ts": {"path":"/home/darwin/Documents/Code/LunyamwiDevs/BoostedChat/client/src/Utils/validator.util.ts","statementMap":{"0":{"start":{"line":4,"column":28},"end":{"line":5,"column":61}},"1":{"start":{"line":5,"column":2},"end":{"line":5,"column":61}},"2":{"start":{"line":7,"column":35},"end":{"line":8,"column":41}},"3":{"start":{"line":8,"column":2},"end":{"line":8,"column":41}},"4":{"start":{"line":10,"column":37},"end":{"line":11,"column":34}},"5":{"start":{"line":11,"column":2},"end":{"line":11,"column":34}},"6":{"start":{"line":13,"column":34},"end":{"line":22,"column":2}},"7":{"start":{"line":14,"column":22},"end":{"line":14,"column":null}},"8":{"start":{"line":15,"column":2},"end":{"line":17,"column":3}},"9":{"start":{"line":16,"column":4},"end":{"line":16,"column":null}},"10":{"start":{"line":18,"column":2},"end":{"line":20,"column":3}},"11":{"start":{"line":19,"column":4},"end":{"line":19,"column":null}},"12":{"start":{"line":21,"column":2},"end":{"line":21,"column":null}},"13":{"start":{"line":24,"column":26},"end":{"line":27,"column":2}},"14":{"start":{"line":25,"column":16},"end":{"line":25,"column":null}},"15":{"start":{"line":26,"column":2},"end":{"line":26,"column":null}},"16":{"start":{"line":29,"column":24},"end":{"line":32,"column":2}},"17":{"start":{"line":30,"column":2},"end":{"line":30,"column":null}},"18":{"start":{"line":30,"column":20},"end":{"line":30,"column":null}},"19":{"start":{"line":31,"column":2},"end":{"line":31,"column":null}}},"fnMap":{"0":{"name":"(anonymous_0)","decl":{"start":{"line":4,"column":28},"end":{"line":4,"column":29}},"loc":{"start":{"line":5,"column":2},"end":{"line":5,"column":61}}},"1":{"name":"(anonymous_1)","decl":{"start":{"line":7,"column":35},"end":{"line":7,"column":36}},"loc":{"start":{"line":8,"column":2},"end":{"line":8,"column":41}}},"2":{"name":"(anonymous_2)","decl":{"start":{"line":10,"column":37},"end":{"line":10,"column":38}},"loc":{"start":{"line":11,"column":2},"end":{"line":11,"column":34}}},"3":{"name":"(anonymous_3)","decl":{"start":{"line":13,"column":34},"end":{"line":13,"column":35}},"loc":{"start":{"line":13,"column":62},"end":{"line":22,"column":2}}},"4":{"name":"(anonymous_4)","decl":{"start":{"line":24,"column":26},"end":{"line":24,"column":27}},"loc":{"start":{"line":24,"column":43},"end":{"line":27,"column":2}}},"5":{"name":"(anonymous_5)","decl":{"start":{"line":29,"column":24},"end":{"line":29,"column":25}},"loc":{"start":{"line":29,"column":61},"end":{"line":32,"column":2}}}},"branchMap":{"0":{"loc":{"start":{"line":15,"column":2},"end":{"line":17,"column":3}},"type":"if","locations":[{"start":{"line":15,"column":2},"end":{"line":17,"column":3}},{"start":{"line":15,"column":2},"end":{"line":17,"column":3}}]},"1":{"loc":{"start":{"line":18,"column":2},"end":{"line":20,"column":3}},"type":"if","locations":[{"start":{"line":18,"column":2},"end":{"line":20,"column":3}},{"start":{"line":18,"column":2},"end":{"line":20,"column":3}}]},"2":{"loc":{"start":{"line":18,"column":6},"end":{"line":18,"column":70}},"type":"binary-expr","locations":[{"start":{"line":18,"column":6},"end":{"line":18,"column":39}},{"start":{"line":18,"column":39},"end":{"line":18,"column":70}}]},"3":{"loc":{"start":{"line":30,"column":2},"end":{"line":30,"column":null}},"type":"if","locations":[{"start":{"line":30,"column":2},"end":{"line":30,"column":null}},{"start":{"line":30,"column":2},"end":{"line":30,"column":null}}]}},"s":{"0":2,"1":3,"2":2,"3":0,"4":2,"5":0,"6":2,"7":0,"8":0,"9":0,"10":0,"11":0,"12":0,"13":2,"14":0,"15":0,"16":2,"17":0,"18":0,"19":0},"f":{"0":3,"1":0,"2":0,"3":0,"4":0,"5":0},"b":{"0":[0,0],"1":[0,0],"2":[0,0],"3":[0,0]}}
}
